生成启动时间为 2014/8/22 10:41:01。
     1>项目“D:\GitProject\soft\webui\TabBrowser80.vcxproj”在节点 2 上(build 个目标)。
     1>InitializeBuildStatus:
         正在创建“Debug80\TabBrowser.unsuccessfulbuild”，因为已指定“AlwaysCreate”。
       ClCompile:
         所有输出均为最新。
         D:\Program Files\Microsoft Visual Studio 10.0\VC\bin\CL.exe /c /ZI /nologo /W4 /WX- /Od /Oy- /D WIN32 /D _WINDOWS /D STRICT /D _DEBUG /D _EMBEDDED_MANIFEST /D _UNICODE /D UNICODE /D _ATL_DLL /Gm /EHsc /RTC1 /MTd /GS /fp:precise /Zc:wchar_t /Zc:forScope /Yu"StdAfx.h" /Fp"Debug80\TabBrowser.pch" /Fo"Debug80\\" /Fd"Debug80\vc100.pdb" /Gd /TP /analyze- /errorReport:prompt TabBrowser.cpp
         TabBrowser.cpp
       ResourceCompile:
         所有输出均为最新。
       ManifestResourceCompile:
         所有输出均为最新。
       Link:
         D:\Program Files\Microsoft Visual Studio 10.0\VC\bin\link.exe /ERRORREPORT:PROMPT /OUT:"Debug80\TabBrowser.exe" /INCREMENTAL /NOLOGO kernel32.lib user32.lib gdi32.lib winspool.lib comdlg32.lib advapi32.lib shell32.lib ole32.lib oleaut32.lib uuid.lib odbc32.lib odbccp32.lib /MANIFEST /ManifestFile:"Debug80\TabBrowser.exe.intermediate.manifest" /MANIFESTUAC:"level='asInvoker' uiAccess='false'" /DEBUG /PDB:"D:\GitProject\soft\webui\Debug80\TabBrowser.pdb" /SUBSYSTEM:WINDOWS /TLBID:1 /DYNAMICBASE /NXCOMPAT /IMPLIB:"Debug80\TabBrowser.lib" /MACHINE:X86 Debug80\TabBrowser.res
         Debug80\TabBrowser.exe.embed.manifest.res
         Debug80\stdafx.obj
         Debug80\TabBrowser.obj
       Manifest:
         C:\Program Files\Microsoft SDKs\Windows\v7.0A\bin\mt.exe /nologo /verbose /out:"Debug80\TabBrowser.exe.embed.manifest" /manifest Debug80\TabBrowser.exe.intermediate.manifest
         所有输出均为最新。
       LinkEmbedManifest:
         所有输出均为最新。
         TabBrowser80.vcxproj -> D:\GitProject\soft\webui\Debug80\TabBrowser.exe
       FinalizeBuildStatus:
         正在删除文件“Debug80\TabBrowser.unsuccessfulbuild”。
         正在对“Debug80\TabBrowser.lastbuildstate”执行 Touch 任务。
     1>已完成生成项目“D:\GitProject\soft\webui\TabBrowser80.vcxproj”(build 个目标)的操作。

生成成功。

已用时间 00:00:02.00
